<?xml version="1.0" encoding="UTF-8"?>
<!-- Generated by org.testng.reporters.JUnitReportReporter -->
<testsuite hostname="TestGroup" failures="0" tests="2" name="test.java.carritocompras.CC_Test" time="29.318" errors="0" timestamp="2025-09-02T18:39:05 CLT" skipped="0">
  <testcase classname="test.java.carritocompras.CC_Test" name="CC_QA_Automatizacion" time="16.089"/>
  <system-out/>
  <testcase classname="test.java.carritocompras.CC_Test" name="CC_QA_Automatizacion" time="13.229"/>
  <system-out/>
</testsuite> <!-- test.java.carritocompras.CC_Test -->
