<?xml version="1.0" encoding="UTF-8"?>
<!-- Generated by org.testng.reporters.JUnitReportReporter -->
<testsuite hostname="LAPTOP-604E8F04" failures="0" tests="3" name="test.java.carritocompras.CC_Test" time="65.416" errors="0" timestamp="2023-06-13T09:56:11 CLT" skipped="0">
  <testcase classname="test.java.carritocompras.CC_Test" name="CC_QA_Automatizacion" time="23.009"/>
  <system-out/>
  <testcase classname="test.java.carritocompras.CC_Test" name="CC_QA_Automatizacion" time="21.082"/>
  <system-out/>
  <testcase classname="test.java.carritocompras.CC_Test" name="CC_QA_Automatizacion" time="21.325"/>
  <system-out/>
</testsuite> <!-- test.java.carritocompras.CC_Test -->
